<?xml version="1.0" encoding="UTF-8"?>
<!-- Generated by org.testng.reporters.JUnitXMLReporter -->
<testsuite ignored="0" hostname="LAPTOP-PNIOOKB8" failures="0" tests="3" name="Default test" time="13.422" errors="0" timestamp="12 Dec 2022 00:17:14 GMT">
  <testcase classname="test.AddCategoryTest" name="validUsershouldAbleToAddCategory" time="5.448"/>
  <testcase classname="test.AddCategoryTest" name="validUsershouldnotAbleToAddCategory" time="0.722"/>
  <testcase classname="test.AddCategoryTest" name="validateMpnthDropDown" time="0.916"/>
</testsuite> <!-- Default test -->
